<?xml version="1.0" encoding="UTF-8"?>
<!-- Generated by org.testng.reporters.JUnitReportReporter -->
<testsuite hostname="DESKTOP-Q4C4NUA" failures="0" tests="1" name="Flipkart.Flipkart_website.AddtocardTest" time="40.067" errors="0" timestamp="2024-03-10T14:35:14 IST" skipped="0">
  <testcase classname="Flipkart.Flipkart_website.AddtocardTest" name="addedcart" time="40.067"/>
</testsuite> <!-- Flipkart.Flipkart_website.AddtocardTest -->
